<?xml version="1.0" encoding="UTF-8"?>
<!-- Generated by org.testng.reporters.JUnitXMLReporter -->
<testsuite hostname="salsalabs5" name="Surefire test" tests="2" failures="1" timestamp="22 Feb 2017 15:40:14 GMT" time="44.183" errors="0">
  <testcase name="doSuccessfulLoginTestAndPublishSignupForm" time="43.531" classname="com.vitalii.vitaliiFramework2.tests.LoginPageTestsWD"/>
  <testcase name="doSuccessfulLoginTest" time="44.091" classname="com.vitalii.vitaliiFramework2.tests.LoginPageTestsWD">
    <failure type="java.lang.AssertionError" message="Expected label Your form is publshed is not found at https://hq.test.igniteaction.net/#/activities/widgets/subscribe/b87b808a-527e-4fe0-b05d-5a693c79be6b?tab=publish page expected [true] but found [false]">
      <![CDATA[java.lang.AssertionError: Expected label Your form is publshed is not found at https://hq.test.igniteaction.net/#/activities/widgets/subscribe/b87b808a-527e-4fe0-b05d-5a693c79be6b?tab=publish page expected [true] but found [false]
	at com.vitalii.vitaliiFramework2.tests.LoginPageTestsWD.doSuccessfulLoginTest(LoginPageTestsWD.java:35)
	at java.util.concurrent.ThreadPoolExecutor.runWorker(ThreadPoolExecutor.java:1142)
	at java.util.concurrent.ThreadPoolExecutor$Worker.run(ThreadPoolExecutor.java:617)
	at java.lang.Thread.run(Thread.java:745)
... Removed 14 stack frames]]>
    </failure>
  </testcase> <!-- doSuccessfulLoginTest -->
</testsuite> <!-- Surefire test -->
